Running: /host/Xilinx/13.3/ISE_DS/ISE/bin/lin64/unwrapped/fuse -relaunch -intstyle "ise" -incremental -o "/host/Garage/Garage/home-computer-group/vhdl/CPx/test44pin_isim_beh.exe" -prj "/host/Garage/Garage/home-computer-group/vhdl/CPx/test44pin_beh.prj" "work.test44pin" 
ISim O.76xd (signature 0x8ddf5b5d)
Number of CPUs detected in this system: 2
Turning on mult-threading, number of parallel sub-compilation jobs: 4 
Determining compilation order of HDL files
Parsing VHDL file "/host/Garage/Garage/home-computer-group/vhdl/CPx/CPx2.vhd" into library work
Parsing VHDL file "/host/Garage/Garage/home-computer-group/vhdl/CPx/test44pin.vhd" into library work
Starting static elaboration
Completed static elaboration
Fuse Memory Usage: 95024 KB
Fuse CPU Usage: 1390 ms
Compiling package standard
Compiling package std_logic_1164
Compiling architecture behavioral of entity CPx2 [cpx2_default]
Compiling architecture behavior of entity test44pin
Time Resolution for simulation is 1ps.
Waiting for 1 sub-compilation(s) to finish...
Compiled 5 VHDL Units
Built simulation executable /host/Garage/Garage/home-computer-group/vhdl/CPx/test44pin_isim_beh.exe
Fuse Memory Usage: 202096 KB
Fuse CPU Usage: 1440 ms
GCC CPU Usage: 210 ms
